app/build/outputs/logs/manifest-merger-debug-report.txt
-- Merging decision tree log ---
manifest
ADDED from src\main\AndroidManifest.xml:2:1-181:12
	package
		ADDED from src\main\AndroidManifest.xml:3:5-42
		INJECTED from src\main\AndroidManifest.xml
		INJECTED from src\main\AndroidManifest.xml
	android:versionName
		ADDED from src\main\AndroidManifest.xml:5:5-30
		INJECTED from src\main\AndroidManifest.xml
		INJECTED from src\main\AndroidManifest.xml
	android:versionCode
		ADDED from src\main\AndroidManifest.xml:4:5-28
		INJECTED from src\main\AndroidManifest.xml
		INJECTED from src\main\AndroidManifest.xml
	xmlns:android
		ADDED from src\main\AndroidManifest.xml:2:11-69
uses-sdk
ADDED from src\main\AndroidManifest.xml:7:5-44
MERGED from [WorkersInfo_studio:appcompat_v7:unspecified] AndroidManifest.xml:21:5-23:78
MERGED from [com.android.support:support-v4:25.1.0] AndroidManifest.xml:21:5-23:54
MERGED from [com.android.support:support-fragment:25.1.0] AndroidManifest.xml:21:5-23:60
MERGED from [com.android.support:support-media-compat:25.1.0] AndroidManifest.xml:21:5-23:63
MERGED from [com.android.support:support-core-ui:25.1.0] AndroidManifest.xml:21:5-23:58
MERGED from [com.android.support:support-core-utils:25.1.0] AndroidManifest.xml:21:5-23:61
MERGED from [com.android.support:support-compat:25.1.0] AndroidManifest.xml:21:5-23:58
MERGED from [com.android.support:cardview-v7:25.1.0] AndroidManifest.xml:20:5-43
	tools:overrideLibrary
		ADDED from [WorkersInfo_studio:appcompat_v7:unspecified] AndroidManifest.xml:23:9-75
	android:targetSdkVersion
		INJECTED from src\main\AndroidManifest.xml
		INJECTED from src\main\AndroidManifest.xml
	android:minSdkVersion
		ADDED from src\main\AndroidManifest.xml:7:15-41
		INJECTED from src\main\AndroidManifest.xml
		INJECTED from src\main\AndroidManifest.xml
application
ADDED from src\main\AndroidManifest.xml:9:5-175:19
MERGED from [WorkersInfo_studio:appcompat_v7:unspecified] AndroidManifest.xml:25:5-20
MERGED from [com.android.support:support-v4:25.1.0] AndroidManifest.xml:25:5-20
MERGED from [com.android.support:support-fragment:25.1.0] AndroidManifest.xml:25:5-20
MERGED from [com.android.support:support-media-compat:25.1.0] AndroidManifest.xml:25:5-20
MERGED from [com.android.support:support-core-ui:25.1.0] AndroidManifest.xml:25:5-20
MERGED from [com.android.support:support-core-utils:25.1.0] AndroidManifest.xml:25:5-20
MERGED from [com.android.support:support-compat:25.1.0] AndroidManifest.xml:25:5-20
MERGED from [com.android.support:cardview-v7:25.1.0] AndroidManifest.xml:22:5-20
	android:screenOrientation
		ADDED from src\main\AndroidManifest.xml:13:9-45
	android:label
		ADDED from src\main\AndroidManifest.xml:11:9-41
	android:supportsRtl
		ADDED from src\main\AndroidManifest.xml:14:6-32
	android:icon
		ADDED from src\main\AndroidManifest.xml:10:9-45
	android:persistent
		ADDED from src\main\AndroidManifest.xml:15:9-34
	android:theme
		ADDED from src\main\AndroidManifest.xml:12:9-50
activity#com.chinamobile.workerspace.WorkersInfoActivity
ADDED from src\main\AndroidManifest.xml:16:9-21:20
	android:screenOrientation
		ADDED from src\main\AndroidManifest.xml:19:13-49
	android:label
		ADDED from src\main\AndroidManifest.xml:20:13-45
	android:theme
		ADDED from src\main\AndroidManifest.xml:18:13-54
	android:name
		ADDED from src\main\AndroidManifest.xml:17:13-48
activity#com.chinamobile.workerspace.login.LockScreenActivity
ADDED from src\main\AndroidManifest.xml:23:9-36:20
	android:screenOrientation
		ADDED from src\main\AndroidManifest.xml:26:4-40
	android:hardwareAccelerated
		ADDED from src\main\AndroidManifest.xml:29:13-47
	android:launchMode
		ADDED from src\main\AndroidManifest.xml:31:13-43
	android:exported
		ADDED from src\main\AndroidManifest.xml:28:13-36
	android:configChanges
		ADDED from src\main\AndroidManifest.xml:27:13-69
	android:alwaysRetainTaskState
		ADDED from src\main\AndroidManifest.xml:25:4-40
	android:theme
		ADDED from src\main\AndroidManifest.xml:30:13-54
	android:name
		ADDED from src\main\AndroidManifest.xml:24:13-80
intent-filter#android.intent.action.MAIN+android.intent.category.LAUNCHER
ADDED from src\main\AndroidManifest.xml:32:13-35:29
action#android.intent.action.MAIN
ADDED from src\main\AndroidManifest.xml:33:17-69
	android:name
		ADDED from src\main\AndroidManifest.xml:33:25-66
category#android.intent.category.LAUNCHER
ADDED from src\main\AndroidManifest.xml:34:17-77
	android:name
		ADDED from src\main\AndroidManifest.xml:34:27-74
activity#com.chinamobile.workerspace.login.PasswordLoginActivity
ADDED from src\main\AndroidManifest.xml:37:9-44:20
	android:screenOrientation
		ADDED from src\main\AndroidManifest.xml:40:4-40
	android:hardwareAccelerated
		ADDED from src\main\AndroidManifest.xml:42:13-47
	android:launchMode
		ADDED from src\main\AndroidManifest.xml:43:13-43
	android:configChanges
		ADDED from src\main\AndroidManifest.xml:41:13-69
	android:alwaysRetainTaskState
		ADDED from src\main\AndroidManifest.xml:39:4-40
	android:name
		ADDED from src\main\AndroidManifest.xml:38:13-83
activity#com.chinamobile.workerspace.statics.Statics_containerActivity
ADDED from src\main\AndroidManifest.xml:46:9-53:20
	android:screenOrientation
		ADDED from src\main\AndroidManifest.xml:49:4-40
	android:hardwareAccelerated
		ADDED from src\main\AndroidManifest.xml:52:13-47
	android:configChanges
		ADDED from src\main\AndroidManifest.xml:51:13-69
	android:alwaysRetainTaskState
		ADDED from src\main\AndroidManifest.xml:48:4-40
	android:theme
		ADDED from src\main\AndroidManifest.xml:50:4-35
	android:name
		ADDED from src\main\AndroidManifest.xml:47:13-89
activity#com.chinamobile.workerspace.settings.SettingsActivity
ADDED from src\main\AndroidManifest.xml:55:9-62:20
	android:screenOrientation
		ADDED from src\main\AndroidManifest.xml:58:4-40
	android:hardwareAccelerated
		ADDED from src\main\AndroidManifest.xml:61:13-47
	android:configChanges
		ADDED from src\main\AndroidManifest.xml:60:13-69
	android:alwaysRetainTaskState
		ADDED from src\main\AndroidManifest.xml:57:4-40
	android:theme
		ADDED from src\main\AndroidManifest.xml:59:4-35
	android:name
		ADDED from src\main\AndroidManifest.xml:56:13-81
activity#com.chinamobile.workerspace.settings.ChangePasswordActivity
ADDED from src\main\AndroidManifest.xml:64:9-71:20
	android:screenOrientation
		ADDED from src\main\AndroidManifest.xml:67:4-40
	android:hardwareAccelerated
		ADDED from src\main\AndroidManifest.xml:70:13-47
	android:configChanges
		ADDED from src\main\AndroidManifest.xml:69:13-69
	android:alwaysRetainTaskState
		ADDED from src\main\AndroidManifest.xml:66:4-40
	android:theme
		ADDED from src\main\AndroidManifest.xml:68:4-35
	android:name
		ADDED from src\main\AndroidManifest.xml:65:13-87
activity#com.chinamobile.workerspace.settings.ChangeGestureActivity
ADDED from src\main\AndroidManifest.xml:73:9-80:20
	android:screenOrientation
		ADDED from src\main\AndroidManifest.xml:76:4-40
	android:hardwareAccelerated
		ADDED from src\main\AndroidManifest.xml:79:13-47
	android:configChanges
		ADDED from src\main\AndroidManifest.xml:78:13-69
	android:alwaysRetainTaskState
		ADDED from src\main\AndroidManifest.xml:75:4-40
	android:theme
		ADDED from src\main\AndroidManifest.xml:77:4-35
	android:name
		ADDED from src\main\AndroidManifest.xml:74:13-86
activity#com.chinamobile.workerspace.settings.AboutActivity
ADDED from src\main\AndroidManifest.xml:82:9-89:20
	android:screenOrientation
		ADDED from src\main\AndroidManifest.xml:85:4-40
	android:hardwareAccelerated
		ADDED from src\main\AndroidManifest.xml:88:13-47
	android:configChanges
		ADDED from src\main\AndroidManifest.xml:87:13-69
	android:alwaysRetainTaskState
		ADDED from src\main\AndroidManifest.xml:84:4-40
	android:theme
		ADDED from src\main\AndroidManifest.xml:86:4-35
	android:name
		ADDED from src\main\AndroidManifest.xml:83:13-78
activity#com.chinamobile.workerspace.statics.StaticsListActivity
ADDED from src\main\AndroidManifest.xml:91:9-99:20
	android:screenOrientation
		ADDED from src\main\AndroidManifest.xml:94:4-40
	android:label
		ADDED from src\main\AndroidManifest.xml:95:4-26
	android:hardwareAccelerated
		ADDED from src\main\AndroidManifest.xml:98:13-47
	android:configChanges
		ADDED from src\main\AndroidManifest.xml:97:13-69
	android:alwaysRetainTaskState
		ADDED from src\main\AndroidManifest.xml:93:4-40
	android:theme
		ADDED from src\main\AndroidManifest.xml:96:4-35
	android:name
		ADDED from src\main\AndroidManifest.xml:92:13-83
activity#com.chinamobile.workerspace.humanresource.humanresource_containerActivity
ADDED from src\main\AndroidManifest.xml:101:9-108:20
	android:screenOrientation
		ADDED from src\main\AndroidManifest.xml:104:4-40
	android:hardwareAccelerated
		ADDED from src\main\AndroidManifest.xml:107:13-47
	android:configChanges
		ADDED from src\main\AndroidManifest.xml:106:13-69
	android:alwaysRetainTaskState
		ADDED from src\main\AndroidManifest.xml:103:4-40
	android:theme
		ADDED from src\main\AndroidManifest.xml:105:4-35
	android:name
		ADDED from src\main\AndroidManifest.xml:102:13-101
activity#com.chinamobile.workerspace.contacts.ContactsListActivity
ADDED from src\main\AndroidManifest.xml:110:9-118:20
	android:screenOrientation
		ADDED from src\main\AndroidManifest.xml:113:4-40
	android:label
		ADDED from src\main\AndroidManifest.xml:114:4-26
	android:hardwareAccelerated
		ADDED from src\main\AndroidManifest.xml:117:13-47
	android:configChanges
		ADDED from src\main\AndroidManifest.xml:116:13-69
	android:alwaysRetainTaskState
		ADDED from src\main\AndroidManifest.xml:112:4-40
	android:theme
		ADDED from src\main\AndroidManifest.xml:115:4-35
	android:name
		ADDED from src\main\AndroidManifest.xml:111:13-85
activity#com.chinamobile.workerspace.resume.resume_containerActivity
ADDED from src\main\AndroidManifest.xml:121:9-128:20
	android:screenOrientation
		ADDED from src\main\AndroidManifest.xml:124:13-49
	android:hardwareAccelerated
		ADDED from src\main\AndroidManifest.xml:127:13-47
	android:configChanges
		ADDED from src\main\AndroidManifest.xml:126:13-69
	android:alwaysRetainTaskState
		ADDED from src\main\AndroidManifest.xml:125:4-40
	android:theme
		ADDED from src\main\AndroidManifest.xml:123:13-44
	android:name
		ADDED from src\main\AndroidManifest.xml:122:13-87
activity#com.chinamobile.workerspace.favorite.FavorateActivity
ADDED from src\main\AndroidManifest.xml:130:9-138:20
	android:screenOrientation
		ADDED from src\main\AndroidManifest.xml:134:4-40
	android:label
		ADDED from src\main\AndroidManifest.xml:135:4-27
	android:hardwareAccelerated
		ADDED from src\main\AndroidManifest.xml:137:13-47
	android:configChanges
		ADDED from src\main\AndroidManifest.xml:136:13-69
	android:alwaysRetainTaskState
		ADDED from src\main\AndroidManifest.xml:133:4-40
	android:theme
		ADDED from src\main\AndroidManifest.xml:132:13-44
	android:name
		ADDED from src\main\AndroidManifest.xml:131:13-81
activity#com.chinamobile.workerspace.group.GroupListActivity
ADDED from src\main\AndroidManifest.xml:141:9-149:20
	android:screenOrientation
		ADDED from src\main\AndroidManifest.xml:144:4-40
	android:label
		ADDED from src\main\AndroidManifest.xml:145:4-26
	android:hardwareAccelerated
		ADDED from src\main\AndroidManifest.xml:148:13-47
	android:configChanges
		ADDED from src\main\AndroidManifest.xml:147:13-69
	android:alwaysRetainTaskState
		ADDED from src\main\AndroidManifest.xml:143:4-40
	android:theme
		ADDED from src\main\AndroidManifest.xml:146:4-35
	android:name
		ADDED from src\main\AndroidManifest.xml:142:13-79
activity#com.chinamobile.workerspace.history.HistoryActivity
ADDED from src\main\AndroidManifest.xml:151:9-159:20
	android:screenOrientation
		ADDED from src\main\AndroidManifest.xml:154:4-40
	android:label
		ADDED from src\main\AndroidManifest.xml:155:4-26
	android:hardwareAccelerated
		ADDED from src\main\AndroidManifest.xml:158:13-47
	android:configChanges
		ADDED from src\main\AndroidManifest.xml:157:13-69
	android:alwaysRetainTaskState
		ADDED from src\main\AndroidManifest.xml:153:4-40
	android:theme
		ADDED from src\main\AndroidManifest.xml:156:4-35
	android:name
		ADDED from src\main\AndroidManifest.xml:152:13-79
activity#com.chinamobile.workerspace.filemanagement.FileChooserActivity
ADDED from src\main\AndroidManifest.xml:163:9-173:20
	android:screenOrientation
		ADDED from src\main\AndroidManifest.xml:165:13-49
	android:label
		ADDED from src\main\AndroidManifest.xml:167:13-45
	android:theme
		ADDED from src\main\AndroidManifest.xml:166:13-44
	android:name
		ADDED from src\main\AndroidManifest.xml:164:13-90
intent-filter#android.chinamobile.filemanager.start
ADDED from src\main\AndroidManifest.xml:168:13-172:29
action#android.chinamobile.filemanager.start
ADDED from src\main\AndroidManifest.xml:170:17-80
	android:name
		ADDED from src\main\AndroidManifest.xml:170:25-77
uses-permission#android.permission.VIBRATE
ADDED from src\main\AndroidManifest.xml:177:5-66
	android:name
		ADDED from src\main\AndroidManifest.xml:177:22-63
uses-permission#android.permission.MOUNT_UNMOUNT_FILESYSTEMS
ADDED from src\main\AndroidManifest.xml:178:5-84
	android:name
		ADDED from src\main\AndroidManifest.xml:178:22-81
uses-permission#android.permission.WRITE_EXTERNAL_STORAGE
ADDED from src\main\AndroidManifest.xml:179:5-81
	android:name
		ADDED from src\main\AndroidManifest.xml:179:22-78
uses-permission#android.permission.INTERNET
ADDED from src\main\AndroidManifest.xml:180:5-67
	android:name
		ADDED from src\main\AndroidManifest.xml:180:22-64